<?xml version="1.0" encoding="UTF-8"?>
<coverage generated="1673617488371" clover="3.2.0">
  <project timestamp="1673617488372" name="All files">
    <metrics statements="16" coveredstatements="16" conditionals="0" coveredconditionals="0" methods="3" coveredmethods="3" elements="19" coveredelements="19" complexity="0" loc="16" ncloc="16" packages="1" files="3" classes="3"/>
    <file name="cardsCounter.js" path="C:\Users\sadi1q\OneDrive\Desktop\Capstone\javascript-capstone-project\src\modules\cardsCounter.js">
      <metrics statements="4" coveredstatements="4" conditionals="0" coveredconditionals="0" methods="1" coveredmethods="1"/>
      <line num="1" count="1" type="stmt"/>
      <line num="2" count="2" type="stmt"/>
      <line num="4" count="2" type="stmt"/>
      <line num="6" count="2" type="stmt"/>
    </file>
    <file name="commentCounter.js" path="C:\Users\sadi1q\OneDrive\Desktop\Capstone\javascript-capstone-project\src\modules\commentCounter.js">
      <metrics statements="6" coveredstatements="6" conditionals="0" coveredconditionals="0" methods="1" coveredmethods="1"/>
      <line num="1" count="1" type="stmt"/>
      <line num="2" count="1" type="stmt"/>
      <line num="3" count="1" type="stmt"/>
      <line num="4" count="1" type="stmt"/>
      <line num="5" count="1" type="stmt"/>
      <line num="6" count="1" type="stmt"/>
    </file>
    <file name="reservation_counter.js" path="C:\Users\sadi1q\OneDrive\Desktop\Capstone\javascript-capstone-project\src\modules\reservation_counter.js">
      <metrics statements="6" coveredstatements="6" conditionals="0" coveredconditionals="0" methods="1" coveredmethods="1"/>
      <line num="3" count="1" type="stmt"/>
      <line num="4" count="2" type="stmt"/>
      <line num="5" count="2" type="stmt"/>
      <line num="6" count="2" type="stmt"/>
      <line num="7" count="2" type="stmt"/>
      <line num="8" count="2" type="stmt"/>
    </file>
  </project>
</coverage>
